
2025-02-12 17:09:28,561 - INFO - L'utilisateur s'est connecté avec succès admin .
2025-02-12 17:09:28,561 - INFO - L'utilisateur s'est connecté avec succès admin .
2025-02-12 17:09:28,561 - INFO - L'utilisateur s'est connecté avec succès admin .
2025-02-12 17:09:46,498 - INFO - Recherche de compte avec les paramètres suivants: None, None, None, None .
2025-02-12 17:09:46,498 - INFO - Recherche de compte avec les paramètres suivants: None, None, None, None .
2025-02-12 17:09:46,498 - INFO - Recherche de compte avec les paramètres suivants: None, None, None, None .
2025-02-12 17:09:58,906 - INFO - Recherche de compte avec les paramètres suivants: 7, Tous, None, None .
2025-02-12 17:09:58,906 - INFO - Recherche de compte avec les paramètres suivants: 7, Tous, None, None .
2025-02-12 17:09:58,906 - INFO - Recherche de compte avec les paramètres suivants: 7, Tous, None, None .
2025-02-12 17:10:06,169 - INFO - Recherche de compte avec les paramètres suivants: 9, Tous, None, None .
2025-02-12 17:10:06,169 - INFO - Recherche de compte avec les paramètres suivants: 9, Tous, None, None .
2025-02-12 17:10:06,169 - INFO - Recherche de compte avec les paramètres suivants: 9, Tous, None, None .
2025-02-12 17:10:10,373 - INFO - Affichage de l'historique du compte 9 .
2025-02-12 17:10:10,373 - INFO - Affichage de l'historique du compte 9 .
2025-02-12 17:10:10,373 - INFO - Affichage de l'historique du compte 9 .
2025-02-12 17:10:16,357 - INFO - Recherche de compte avec les paramètres suivants: None, None, None, None .
2025-02-12 17:10:16,357 - INFO - Recherche de compte avec les paramètres suivants: None, None, None, None .
2025-02-12 17:10:16,357 - INFO - Recherche de compte avec les paramètres suivants: None, None, None, None .
2025-02-12 17:12:48,612 - INFO - Retrait de 200.0 MAD sur le compte 21 .
2025-02-12 17:12:48,612 - INFO - Retrait de 200.0 MAD sur le compte 21 .
2025-02-12 17:12:48,612 - INFO - Retrait de 200.0 MAD sur le compte 21 .
2025-02-12 20:35:45,479 - INFO - L'utilisateur s'est connecté avec succès admin .
2025-02-12 20:35:45,479 - INFO - L'utilisateur s'est connecté avec succès admin .
2025-02-12 20:35:45,479 - INFO - L'utilisateur s'est connecté avec succès admin .
2025-02-12 20:36:05,162 - INFO - Depot de 100 MAD sur le compte 2 .
2025-02-12 20:36:05,162 - INFO - Depot de 100 MAD sur le compte 2 .
2025-02-12 20:36:05,162 - INFO - Depot de 100 MAD sur le compte 2 .
2025-02-12 20:36:07,829 - INFO - Recherche de compte avec les paramètres suivants: None, None, None, None .
2025-02-12 20:36:07,829 - INFO - Recherche de compte avec les paramètres suivants: None, None, None, None .
2025-02-12 20:36:07,829 - INFO - Recherche de compte avec les paramètres suivants: None, None, None, None .
2025-02-12 20:36:09,623 - INFO - Affichage de l'historique du compte 2 .
2025-02-12 20:36:09,623 - INFO - Affichage de l'historique du compte 2 .
2025-02-12 20:36:09,623 - INFO - Affichage de l'historique du compte 2 .
2025-02-12 20:36:56,305 - INFO - Recherche de compte avec les paramètres suivants: None, None, None, None .
2025-02-12 20:36:56,305 - INFO - Recherche de compte avec les paramètres suivants: None, None, None, None .
2025-02-12 20:36:56,305 - INFO - Recherche de compte avec les paramètres suivants: None, None, None, None .
2025-02-12 21:53:32,796 - INFO - L'utilisateur s'est connecté avec succès admin .
2025-02-12 21:53:32,796 - INFO - L'utilisateur s'est connecté avec succès admin .
2025-02-12 21:53:32,796 - INFO - L'utilisateur s'est connecté avec succès admin .
2025-02-12 21:53:37,471 - INFO - Recherche de compte avec les paramètres suivants: None, None, None, None. Trié par balance.
2025-02-12 21:53:37,471 - INFO - Recherche de compte avec les paramètres suivants: None, None, None, None. Trié par balance.
2025-02-12 21:53:37,471 - INFO - Recherche de compte avec les paramètres suivants: None, None, None, None. Trié par balance.
2025-02-12 21:53:55,550 - INFO - Retrait de 300.0 MAD sur le compte 15 .
2025-02-12 21:53:55,550 - INFO - Retrait de 300.0 MAD sur le compte 15 .
2025-02-12 21:53:55,550 - INFO - Retrait de 300.0 MAD sur le compte 15 .
2025-02-12 21:54:00,008 - INFO - Recherche de compte avec les paramètres suivants: None, None, None, None. Trié par balance.
2025-02-12 21:54:00,008 - INFO - Recherche de compte avec les paramètres suivants: None, None, None, None. Trié par balance.
2025-02-12 21:54:00,008 - INFO - Recherche de compte avec les paramètres suivants: None, None, None, None. Trié par balance.
2025-02-12 21:54:12,063 - ERROR - Fonds insuffisants pour le compte 15
2025-02-12 21:54:12,063 - ERROR - Fonds insuffisants pour le compte 15
2025-02-12 21:54:12,063 - ERROR - Fonds insuffisants pour le compte 15
2025-02-12 21:54:32,919 - INFO - Depot de 10500 MAD sur le compte 15 .
2025-02-12 21:54:32,919 - INFO - Depot de 10500 MAD sur le compte 15 .
2025-02-12 21:54:32,919 - INFO - Depot de 10500 MAD sur le compte 15 .
2025-02-12 21:54:36,939 - INFO - Recherche de compte avec les paramètres suivants: None, None, None, None. Trié par balance.
2025-02-12 21:54:36,939 - INFO - Recherche de compte avec les paramètres suivants: None, None, None, None. Trié par balance.
2025-02-12 21:54:36,939 - INFO - Recherche de compte avec les paramètres suivants: None, None, None, None. Trié par balance.
2025-02-12 21:54:56,702 - INFO - Affichage de l'historique du compte 15 .
2025-02-12 21:54:56,702 - INFO - Affichage de l'historique du compte 15 .
2025-02-12 21:54:56,702 - INFO - Affichage de l'historique du compte 15 .
2025-02-12 21:55:10,754 - INFO - déconnection de admin.
2025-02-12 21:55:10,754 - INFO - déconnection de admin.
2025-02-12 21:55:10,754 - INFO - déconnection de admin.
2025-02-12 21:55:14,039 - INFO - L'utilisateur s'est connecté avec succès ismail .
2025-02-12 21:55:14,039 - INFO - L'utilisateur s'est connecté avec succès ismail .
2025-02-12 21:55:14,039 - INFO - L'utilisateur s'est connecté avec succès ismail .
